<?xml version="1.0" encoding="UTF-8"?>
<!-- Generated by org.testng.reporters.JUnitXMLReporter -->
<testsuite hostname="DESKTOP-88R09EB" ignored="0" name="Test" tests="4" failures="0" timestamp="08 Oct 2021 13:25:21 GMT" time="35.942" errors="0">
  <testcase name="verifyLoginPageTitleTest" time="0.058" classname="com.tests.LoginTest"/>
  <testcase name="verifyLoginButtonTest" time="0.107" classname="com.tests.LoginTest"/>
  <testcase name="verifyProductsHeadingTest" time="4.219" classname="com.tests.HomeTest"/>
  <testcase name="verifyCartButtonTest" time="3.382" classname="com.tests.HomeTest"/>
</testsuite> <!-- Test -->
