<?xml version="1.0" encoding="UTF-8"?>
<testng-results skipped="0" failed="0" ignored="0" total="4" passed="4">
  <reporter-output>
  </reporter-output>
  <suite name="Suite" duration-ms="35942" started-at="2021-10-08T13:24:45Z" finished-at="2021-10-08T13:25:21Z">
    <groups>
    </groups>
    <test name="Test" duration-ms="35942" started-at="2021-10-08T13:24:45Z" finished-at="2021-10-08T13:25:21Z">
      <class name="com.tests.HomeTest">
        <test-method status="PASS" signature="setUp()[pri:0, instance:com.tests.HomeTest@3ec300f1]" name="setUp" is-config="true" duration-ms="2940" started-at="2021-10-08T13:25:06Z" finished-at="2021-10-08T13:25:09Z">
          <reporter-output>
          </reporter-output>
        </test-method> <!-- setUp -->
        <test-method status="PASS" signature="verifyProductsHeadingTest()[pri:2, instance:com.tests.HomeTest@3ec300f1]" name="verifyProductsHeadingTest" duration-ms="4219" started-at="2021-10-08T13:25:09Z" finished-at="2021-10-08T13:25:14Z">
          <reporter-output>
          </reporter-output>
        </test-method> <!-- verifyProductsHeadingTest -->
        <test-method status="PASS" signature="tearDown()[pri:0, instance:com.tests.HomeTest@3ec300f1]" name="tearDown" is-config="true" duration-ms="433" started-at="2021-10-08T13:25:14Z" finished-at="2021-10-08T13:25:14Z">
          <reporter-output>
          </reporter-output>
        </test-method> <!-- tearDown -->
        <test-method status="PASS" signature="setUp()[pri:0, instance:com.tests.HomeTest@3ec300f1]" name="setUp" is-config="true" duration-ms="3302" started-at="2021-10-08T13:25:14Z" finished-at="2021-10-08T13:25:17Z">
          <reporter-output>
          </reporter-output>
        </test-method> <!-- setUp -->
        <test-method status="PASS" signature="verifyCartButtonTest()[pri:3, instance:com.tests.HomeTest@3ec300f1]" name="verifyCartButtonTest" duration-ms="3382" started-at="2021-10-08T13:25:17Z" finished-at="2021-10-08T13:25:21Z">
          <reporter-output>
          </reporter-output>
        </test-method> <!-- verifyCartButtonTest -->
        <test-method status="PASS" signature="tearDown()[pri:0, instance:com.tests.HomeTest@3ec300f1]" name="tearDown" is-config="true" duration-ms="183" started-at="2021-10-08T13:25:21Z" finished-at="2021-10-08T13:25:21Z">
          <reporter-output>
          </reporter-output>
        </test-method> <!-- tearDown -->
      </class> <!-- com.tests.HomeTest -->
      <class name="com.tests.LoginTest">
        <test-method status="PASS" signature="setUp()[pri:0, instance:com.tests.LoginTest@105fece7]" name="setUp" is-config="true" duration-ms="17971" started-at="2021-10-08T13:24:45Z" finished-at="2021-10-08T13:25:03Z">
          <reporter-output>
          </reporter-output>
        </test-method> <!-- setUp -->
        <test-method status="PASS" signature="verifyLoginPageTitleTest()[pri:0, instance:com.tests.LoginTest@105fece7]" name="verifyLoginPageTitleTest" duration-ms="58" started-at="2021-10-08T13:25:03Z" finished-at="2021-10-08T13:25:03Z">
          <reporter-output>
          </reporter-output>
        </test-method> <!-- verifyLoginPageTitleTest -->
        <test-method status="PASS" signature="tearDown()[pri:0, instance:com.tests.LoginTest@105fece7]" name="tearDown" is-config="true" duration-ms="53" started-at="2021-10-08T13:25:03Z" finished-at="2021-10-08T13:25:03Z">
          <reporter-output>
          </reporter-output>
        </test-method> <!-- tearDown -->
        <test-method status="PASS" signature="setUp()[pri:0, instance:com.tests.LoginTest@105fece7]" name="setUp" is-config="true" duration-ms="3165" started-at="2021-10-08T13:25:03Z" finished-at="2021-10-08T13:25:06Z">
          <reporter-output>
          </reporter-output>
        </test-method> <!-- setUp -->
        <test-method status="PASS" signature="verifyLoginButtonTest()[pri:1, instance:com.tests.LoginTest@105fece7]" name="verifyLoginButtonTest" duration-ms="107" started-at="2021-10-08T13:25:06Z" finished-at="2021-10-08T13:25:06Z">
          <reporter-output>
          </reporter-output>
        </test-method> <!-- verifyLoginButtonTest -->
        <test-method status="PASS" signature="tearDown()[pri:0, instance:com.tests.LoginTest@105fece7]" name="tearDown" is-config="true" duration-ms="83" started-at="2021-10-08T13:25:06Z" finished-at="2021-10-08T13:25:06Z">
          <reporter-output>
          </reporter-output>
        </test-method> <!-- tearDown -->
      </class> <!-- com.tests.LoginTest -->
    </test> <!-- Test -->
  </suite> <!-- Suite -->
</testng-results>
